2015-07-05 12:45:38 [::1][-][-][error][yii\db\Exception] exception 'PDOException' with message 'SQLSTATE[42S02]: Base table or view not found: 1146 Table 'smfoundation.user' doesn't exist' in C:\xampp\htdocs\SM Scholarship Foundation\vendor\yiisoft\yii2\db\Command.php:825
Stack trace:
#0 C:\xampp\htdocs\SM Scholarship Foundation\vendor\yiisoft\yii2\db\Command.php(825): PDOStatement->execute()
#1 C:\xampp\htdocs\SM Scholarship Foundation\vendor\yiisoft\yii2\db\Command.php(363): yii\db\Command->queryInternal('fetch', NULL)
#2 C:\xampp\htdocs\SM Scholarship Foundation\vendor\yiisoft\yii2\db\Query.php(243): yii\db\Command->queryOne()
#3 C:\xampp\htdocs\SM Scholarship Foundation\vendor\yiisoft\yii2\db\ActiveQuery.php(285): yii\db\Query->one(NULL)
#4 C:\xampp\htdocs\SM Scholarship Foundation\vendor\yiisoft\yii2\db\BaseActiveRecord.php(101): yii\db\ActiveQuery->one()
#5 C:\xampp\htdocs\SM Scholarship Foundation\common\models\User.php(63): yii\db\BaseActiveRecord::findOne(Array)
#6 C:\xampp\htdocs\SM Scholarship Foundation\vendor\yiisoft\yii2\web\User.php(614): common\models\User::findIdentity(1)
#7 C:\xampp\htdocs\SM Scholarship Foundation\vendor\yiisoft\yii2\web\User.php(176): yii\web\User->renewAuthStatus()
#8 C:\xampp\htdocs\SM Scholarship Foundation\vendor\yiisoft\yii2\web\User.php(346): yii\web\User->getIdentity()
#9 C:\xampp\htdocs\SM Scholarship Foundation\vendor\yiisoft\yii2\filters\AccessRule.php(145): yii\web\User->getIsGuest()
#10 C:\xampp\htdocs\SM Scholarship Foundation\vendor\yiisoft\yii2\filters\AccessRule.php(104): yii\filters\AccessRule->matchRole(Object(yii\web\User))
#11 C:\xampp\htdocs\SM Scholarship Foundation\vendor\yiisoft\yii2\filters\AccessControl.php(118): yii\filters\AccessRule->allows(Object(yii\base\InlineAction), Object(yii\web\User), Object(yii\web\Request))
#12 C:\xampp\htdocs\SM Scholarship Foundation\vendor\yiisoft\yii2\base\ActionFilter.php(71): yii\filters\AccessControl->beforeAction(Object(yii\base\InlineAction))
#13 [internal function]: yii\base\ActionFilter->beforeFilter(Object(yii\base\ActionEvent))
#14 C:\xampp\htdocs\SM Scholarship Foundation\vendor\yiisoft\yii2\base\Component.php(541): call_user_func(Array, Object(yii\base\ActionEvent))
#15 C:\xampp\htdocs\SM Scholarship Foundation\vendor\yiisoft\yii2\base\Controller.php(263): yii\base\Component->trigger('beforeAction', Object(yii\base\ActionEvent))
#16 C:\xampp\htdocs\SM Scholarship Foundation\vendor\yiisoft\yii2\web\Controller.php(108): yii\base\Controller->beforeAction(Object(yii\base\InlineAction))
#17 C:\xampp\htdocs\SM Scholarship Foundation\vendor\yiisoft\yii2\base\Controller.php(149): yii\web\Controller->beforeAction(Object(yii\base\InlineAction))
#18 C:\xampp\htdocs\SM Scholarship Foundation\vendor\yiisoft\yii2\base\Module.php(455): yii\base\Controller->runAction('signup', Array)
#19 C:\xampp\htdocs\SM Scholarship Foundation\vendor\yiisoft\yii2\web\Application.php(84): yii\base\Module->runAction('site/signup', Array)
#20 C:\xampp\htdocs\SM Scholarship Foundation\vendor\yiisoft\yii2\base\Application.php(375): yii\web\Application->handleRequest(Object(yii\web\Request))
#21 C:\xampp\htdocs\SM Scholarship Foundation\frontend\web\index.php(18): yii\base\Application->run()
#22 {main}

Next exception 'yii\db\Exception' with message 'SQLSTATE[42S02]: Base table or view not found: 1146 Table 'smfoundation.user' doesn't exist
The SQL being executed was: SELECT * FROM `user` WHERE (`id`=1) AND (`status`=10)' in C:\xampp\htdocs\SM Scholarship Foundation\vendor\yiisoft\yii2\db\Schema.php:595
Stack trace:
#0 C:\xampp\htdocs\SM Scholarship Foundation\vendor\yiisoft\yii2\db\Command.php(840): yii\db\Schema->convertException(Object(PDOException), 'SELECT * FROM `...')
#1 C:\xampp\htdocs\SM Scholarship Foundation\vendor\yiisoft\yii2\db\Command.php(363): yii\db\Command->queryInternal('fetch', NULL)
#2 C:\xampp\htdocs\SM Scholarship Foundation\vendor\yiisoft\yii2\db\Query.php(243): yii\db\Command->queryOne()
#3 C:\xampp\htdocs\SM Scholarship Foundation\vendor\yiisoft\yii2\db\ActiveQuery.php(285): yii\db\Query->one(NULL)
#4 C:\xampp\htdocs\SM Scholarship Foundation\vendor\yiisoft\yii2\db\BaseActiveRecord.php(101): yii\db\ActiveQuery->one()
#5 C:\xampp\htdocs\SM Scholarship Foundation\common\models\User.php(63): yii\db\BaseActiveRecord::findOne(Array)
#6 C:\xampp\htdocs\SM Scholarship Foundation\vendor\yiisoft\yii2\web\User.php(614): common\models\User::findIdentity(1)
#7 C:\xampp\htdocs\SM Scholarship Foundation\vendor\yiisoft\yii2\web\User.php(176): yii\web\User->renewAuthStatus()
#8 C:\xampp\htdocs\SM Scholarship Foundation\vendor\yiisoft\yii2\web\User.php(346): yii\web\User->getIdentity()
#9 C:\xampp\htdocs\SM Scholarship Foundation\vendor\yiisoft\yii2\filters\AccessRule.php(145): yii\web\User->getIsGuest()
#10 C:\xampp\htdocs\SM Scholarship Foundation\vendor\yiisoft\yii2\filters\AccessRule.php(104): yii\filters\AccessRule->matchRole(Object(yii\web\User))
#11 C:\xampp\htdocs\SM Scholarship Foundation\vendor\yiisoft\yii2\filters\AccessControl.php(118): yii\filters\AccessRule->allows(Object(yii\base\InlineAction), Object(yii\web\User), Object(yii\web\Request))
#12 C:\xampp\htdocs\SM Scholarship Foundation\vendor\yiisoft\yii2\base\ActionFilter.php(71): yii\filters\AccessControl->beforeAction(Object(yii\base\InlineAction))
#13 [internal function]: yii\base\ActionFilter->beforeFilter(Object(yii\base\ActionEvent))
#14 C:\xampp\htdocs\SM Scholarship Foundation\vendor\yiisoft\yii2\base\Component.php(541): call_user_func(Array, Object(yii\base\ActionEvent))
#15 C:\xampp\htdocs\SM Scholarship Foundation\vendor\yiisoft\yii2\base\Controller.php(263): yii\base\Component->trigger('beforeAction', Object(yii\base\ActionEvent))
#16 C:\xampp\htdocs\SM Scholarship Foundation\vendor\yiisoft\yii2\web\Controller.php(108): yii\base\Controller->beforeAction(Object(yii\base\InlineAction))
#17 C:\xampp\htdocs\SM Scholarship Foundation\vendor\yiisoft\yii2\base\Controller.php(149): yii\web\Controller->beforeAction(Object(yii\base\InlineAction))
#18 C:\xampp\htdocs\SM Scholarship Foundation\vendor\yiisoft\yii2\base\Module.php(455): yii\base\Controller->runAction('signup', Array)
#19 C:\xampp\htdocs\SM Scholarship Foundation\vendor\yiisoft\yii2\web\Application.php(84): yii\base\Module->runAction('site/signup', Array)
#20 C:\xampp\htdocs\SM Scholarship Foundation\vendor\yiisoft\yii2\base\Application.php(375): yii\web\Application->handleRequest(Object(yii\web\Request))
#21 C:\xampp\htdocs\SM Scholarship Foundation\frontend\web\index.php(18): yii\base\Application->run()
#22 {main}
Additional Information:
Array
(
    [0] => 42S02
    [1] => 1146
    [2] => Table 'smfoundation.user' doesn't exist
)

2015-07-05 12:45:37 [::1][-][-][info][application] $_GET = [
    'r' => 'site/signup'
]

$_COOKIE = [
    '_csrf' => '1baddd2fbf2932e9f0d28188df5ab51b9be4fd6c7420aafe8313ae0f37c4c253a:2:{i:0;s:5:\"_csrf\";i:1;s:32:\"nb9fKZFUfW6yjpWgg8LqYDQKfm-vzX3J\";}'
    'PHPSESSID' => 'r617r8cvgre3t3iqptqvbk8610'
    '_identity' => '84cb79d48411c3833ad807d858b7662b08592aea8ecca9e91991f66fe5f229efa:2:{i:0;s:9:\"_identity\";i:1;s:46:\"[1,\"xYFIS2BLDkOgFuWR1sXmkJHvUqAl1fHA\",2592000]\";}'
]

$_SESSION = [
    '__flash' => []
    '__returnUrl' => '/yiipracticeadvanced/backend/web/index.php'
    '__id' => 1
]

$_SERVER = [
    'MIBDIRS' => 'C:/xampp/php/extras/mibs'
    'MYSQL_HOME' => '\\xampp\\mysql\\bin'
    'OPENSSL_CONF' => 'C:/xampp/apache/bin/openssl.cnf'
    'PHP_PEAR_SYSCONF_DIR' => '\\xampp\\php'
    'PHPRC' => '\\xampp\\php'
    'TMP' => '\\xampp\\tmp'
    'HTTP_HOST' => 'localhost'
    'HTTP_CONNECTION' => 'keep-alive'
    'HTTP_CACHE_CONTROL' => 'max-age=0'
    'HTTP_ACCEPT' => 'text/html,application/xhtml+xml,application/xml;q=0.9,image/webp,*/*;q=0.8'
    'HTTP_USER_AGENT' => 'Mozilla/5.0 (Windows NT 6.1; WOW64) AppleWebKit/537.36 (KHTML, like Gecko) Chrome/43.0.2357.130 Safari/537.36'
    'HTTP_ACCEPT_ENCODING' => 'gzip, deflate, sdch'
    'HTTP_ACCEPT_LANGUAGE' => 'en-US,en;q=0.8'
    'HTTP_COOKIE' => '_csrf=1baddd2fbf2932e9f0d28188df5ab51b9be4fd6c7420aafe8313ae0f37c4c253a%3A2%3A%7Bi%3A0%3Bs%3A5%3A%22_csrf%22%3Bi%3A1%3Bs%3A32%3A%22nb9fKZFUfW6yjpWgg8LqYDQKfm-vzX3J%22%3B%7D; PHPSESSID=r617r8cvgre3t3iqptqvbk8610; _identity=84cb79d48411c3833ad807d858b7662b08592aea8ecca9e91991f66fe5f229efa%3A2%3A%7Bi%3A0%3Bs%3A9%3A%22_identity%22%3Bi%3A1%3Bs%3A46%3A%22%5B1%2C%22xYFIS2BLDkOgFuWR1sXmkJHvUqAl1fHA%22%2C2592000%5D%22%3B%7D'
    'PATH' => 'C:\\ProgramData\\Oracle\\Java\\javapath;C:\\Program Files (x86)\\Intel\\iCLS Client\\;C:\\Program Files\\Intel\\iCLS Client\\;C:\\Windows\\system32;C:\\Windows;C:\\Windows\\System32\\Wbem;C:\\Windows\\System32\\WindowsPowerShell\\v1.0\\;C:\\Program Files\\Intel\\Intel(R) Management Engine Components\\DAL;C:\\Program Files\\Intel\\Intel(R) Management Engine Components\\IPT;C:\\Program Files (x86)\\Intel\\Intel(R) Management Engine Components\\DAL;C:\\Program Files (x86)\\Intel\\Intel(R) Management Engine Components\\IPT;C:\\xampp\\php;C:\\ProgramData\\ComposerSetup\\bin'
    'SystemRoot' => 'C:\\Windows'
    'COMSPEC' => 'C:\\Windows\\system32\\cmd.exe'
    'PATHEXT' => '.COM;.EXE;.BAT;.CMD;.VBS;.VBE;.JS;.JSE;.WSF;.WSH;.MSC'
    'WINDIR' => 'C:\\Windows'
    'SERVER_SIGNATURE' => '<address>Apache/2.4.4 (Win32) OpenSSL/0.9.8y PHP/5.4.16 Server at localhost Port 80</address>
'
    'SERVER_SOFTWARE' => 'Apache/2.4.4 (Win32) OpenSSL/0.9.8y PHP/5.4.16'
    'SERVER_NAME' => 'localhost'
    'SERVER_ADDR' => '::1'
    'SERVER_PORT' => '80'
    'REMOTE_ADDR' => '::1'
    'DOCUMENT_ROOT' => 'C:/xampp/htdocs'
    'REQUEST_SCHEME' => 'http'
    'CONTEXT_PREFIX' => ''
    'CONTEXT_DOCUMENT_ROOT' => 'C:/xampp/htdocs'
    'SERVER_ADMIN' => 'postmaster@localhost'
    'SCRIPT_FILENAME' => 'C:/xampp/htdocs/SM Scholarship Foundation/frontend/web/index.php'
    'REMOTE_PORT' => '51268'
    'GATEWAY_INTERFACE' => 'CGI/1.1'
    'SERVER_PROTOCOL' => 'HTTP/1.1'
    'REQUEST_METHOD' => 'GET'
    'QUERY_STRING' => 'r=site%2Fsignup'
    'REQUEST_URI' => '/SM%20Scholarship%20Foundation/frontend/web/index.php?r=site%2Fsignup'
    'SCRIPT_NAME' => '/SM Scholarship Foundation/frontend/web/index.php'
    'PHP_SELF' => '/SM Scholarship Foundation/frontend/web/index.php'
    'REQUEST_TIME_FLOAT' => 1436093137.718
    'REQUEST_TIME' => 1436093137
]
2015-07-05 12:51:19 [::1][-][-][error][yii\base\ErrorException:4] exception 'yii\base\ErrorException' with message 'syntax error, unexpected '<'' in C:\xampp\htdocs\SM Scholarship Foundation\frontend\views\layouts\main.php:29
Stack trace:
#0 [internal function]: yii\base\ErrorHandler->handleFatalError()
#1 {main}
2015-07-05 12:51:19 [::1][-][-][info][application] $_GET = [
    'r' => 'site/index'
]

$_COOKIE = [
    'PHPSESSID' => 'r617r8cvgre3t3iqptqvbk8610'
    '_identity' => '84cb79d48411c3833ad807d858b7662b08592aea8ecca9e91991f66fe5f229efa:2:{i:0;s:9:\"_identity\";i:1;s:46:\"[1,\"xYFIS2BLDkOgFuWR1sXmkJHvUqAl1fHA\",2592000]\";}'
    '_csrf' => '019642633d451154963a1f19213b96a374a4ddb75670b8f449b69df517b55cb9a:2:{i:0;s:5:\"_csrf\";i:1;s:32:\"4kI4tiou9moJXStmxfXyEONjdXXE1HY_\";}'
]

$_SERVER = [
    'MIBDIRS' => 'C:/xampp/php/extras/mibs'
    'MYSQL_HOME' => '\\xampp\\mysql\\bin'
    'OPENSSL_CONF' => 'C:/xampp/apache/bin/openssl.cnf'
    'PHP_PEAR_SYSCONF_DIR' => '\\xampp\\php'
    'PHPRC' => '\\xampp\\php'
    'TMP' => '\\xampp\\tmp'
    'HTTP_HOST' => 'localhost'
    'HTTP_CONNECTION' => 'keep-alive'
    'HTTP_CACHE_CONTROL' => 'max-age=0'
    'HTTP_ACCEPT' => 'text/html,application/xhtml+xml,application/xml;q=0.9,image/webp,*/*;q=0.8'
    'HTTP_USER_AGENT' => 'Mozilla/5.0 (Windows NT 6.1; WOW64) AppleWebKit/537.36 (KHTML, like Gecko) Chrome/43.0.2357.130 Safari/537.36'
    'HTTP_REFERER' => 'http://localhost/SM%20Scholarship%20Foundation/frontend/web/index.php?r=site%2Fsignup'
    'HTTP_ACCEPT_ENCODING' => 'gzip, deflate, sdch'
    'HTTP_ACCEPT_LANGUAGE' => 'en-US,en;q=0.8'
    'HTTP_COOKIE' => 'PHPSESSID=r617r8cvgre3t3iqptqvbk8610; _identity=84cb79d48411c3833ad807d858b7662b08592aea8ecca9e91991f66fe5f229efa%3A2%3A%7Bi%3A0%3Bs%3A9%3A%22_identity%22%3Bi%3A1%3Bs%3A46%3A%22%5B1%2C%22xYFIS2BLDkOgFuWR1sXmkJHvUqAl1fHA%22%2C2592000%5D%22%3B%7D; _csrf=019642633d451154963a1f19213b96a374a4ddb75670b8f449b69df517b55cb9a%3A2%3A%7Bi%3A0%3Bs%3A5%3A%22_csrf%22%3Bi%3A1%3Bs%3A32%3A%224kI4tiou9moJXStmxfXyEONjdXXE1HY_%22%3B%7D'
    'PATH' => 'C:\\ProgramData\\Oracle\\Java\\javapath;C:\\Program Files (x86)\\Intel\\iCLS Client\\;C:\\Program Files\\Intel\\iCLS Client\\;C:\\Windows\\system32;C:\\Windows;C:\\Windows\\System32\\Wbem;C:\\Windows\\System32\\WindowsPowerShell\\v1.0\\;C:\\Program Files\\Intel\\Intel(R) Management Engine Components\\DAL;C:\\Program Files\\Intel\\Intel(R) Management Engine Components\\IPT;C:\\Program Files (x86)\\Intel\\Intel(R) Management Engine Components\\DAL;C:\\Program Files (x86)\\Intel\\Intel(R) Management Engine Components\\IPT;C:\\xampp\\php;C:\\ProgramData\\ComposerSetup\\bin'
    'SystemRoot' => 'C:\\Windows'
    'COMSPEC' => 'C:\\Windows\\system32\\cmd.exe'
    'PATHEXT' => '.COM;.EXE;.BAT;.CMD;.VBS;.VBE;.JS;.JSE;.WSF;.WSH;.MSC'
    'WINDIR' => 'C:\\Windows'
    'SERVER_SIGNATURE' => '<address>Apache/2.4.4 (Win32) OpenSSL/0.9.8y PHP/5.4.16 Server at localhost Port 80</address>
'
    'SERVER_SOFTWARE' => 'Apache/2.4.4 (Win32) OpenSSL/0.9.8y PHP/5.4.16'
    'SERVER_NAME' => 'localhost'
    'SERVER_ADDR' => '::1'
    'SERVER_PORT' => '80'
    'REMOTE_ADDR' => '::1'
    'DOCUMENT_ROOT' => 'C:/xampp/htdocs'
    'REQUEST_SCHEME' => 'http'
    'CONTEXT_PREFIX' => ''
    'CONTEXT_DOCUMENT_ROOT' => 'C:/xampp/htdocs'
    'SERVER_ADMIN' => 'postmaster@localhost'
    'SCRIPT_FILENAME' => 'C:/xampp/htdocs/SM Scholarship Foundation/frontend/web/index.php'
    'REMOTE_PORT' => '51372'
    'GATEWAY_INTERFACE' => 'CGI/1.1'
    'SERVER_PROTOCOL' => 'HTTP/1.1'
    'REQUEST_METHOD' => 'GET'
    'QUERY_STRING' => 'r=site%2Findex'
    'REQUEST_URI' => '/SM%20Scholarship%20Foundation/frontend/web/index.php?r=site%2Findex'
    'SCRIPT_NAME' => '/SM Scholarship Foundation/frontend/web/index.php'
    'PHP_SELF' => '/SM Scholarship Foundation/frontend/web/index.php'
    'REQUEST_TIME_FLOAT' => 1436093479.511
    'REQUEST_TIME' => 1436093479
]
2015-07-05 12:51:36 [::1][-][-][error][yii\base\UnknownPropertyException] exception 'yii\base\UnknownPropertyException' with message 'Setting unknown property: yii\bootstrap\NavBar::0' in C:\xampp\htdocs\SM Scholarship Foundation\vendor\yiisoft\yii2\base\Component.php:197
Stack trace:
#0 C:\xampp\htdocs\SM Scholarship Foundation\vendor\yiisoft\yii2\BaseYii.php(518): yii\base\Component->__set('0', 'SM Scholarship ...')
#1 C:\xampp\htdocs\SM Scholarship Foundation\vendor\yiisoft\yii2\base\Object.php(105): yii\BaseYii::configure(Object(yii\bootstrap\NavBar), Array)
#2 [internal function]: yii\base\Object->__construct(Array)
#3 C:\xampp\htdocs\SM Scholarship Foundation\vendor\yiisoft\yii2\di\Container.php(372): ReflectionClass->newInstanceArgs(Array)
#4 C:\xampp\htdocs\SM Scholarship Foundation\vendor\yiisoft\yii2\di\Container.php(151): yii\di\Container->build('yii\bootstrap\N...', Array, Array)
#5 C:\xampp\htdocs\SM Scholarship Foundation\vendor\yiisoft\yii2\BaseYii.php(344): yii\di\Container->get('yii\bootstrap\N...', Array, Array)
#6 C:\xampp\htdocs\SM Scholarship Foundation\vendor\yiisoft\yii2\base\Widget.php(56): yii\BaseYii::createObject(Array)
#7 C:\xampp\htdocs\SM Scholarship Foundation\frontend\views\layouts\main.php(34): yii\base\Widget::begin(Array)
#8 C:\xampp\htdocs\SM Scholarship Foundation\vendor\yiisoft\yii2\base\View.php(325): require('C:\xampp\htdocs...')
#9 C:\xampp\htdocs\SM Scholarship Foundation\vendor\yiisoft\yii2\base\View.php(247): yii\base\View->renderPhpFile('C:\xampp\htdocs...', Array)
#10 C:\xampp\htdocs\SM Scholarship Foundation\vendor\yiisoft\yii2\base\Controller.php(386): yii\base\View->renderFile('C:\xampp\htdocs...', Array, Object(frontend\controllers\SiteController))
#11 C:\xampp\htdocs\SM Scholarship Foundation\vendor\yiisoft\yii2\base\Controller.php(372): yii\base\Controller->renderContent('<div class="sit...')
#12 C:\xampp\htdocs\SM Scholarship Foundation\frontend\controllers\SiteController.php(70): yii\base\Controller->render('index')
#13 [internal function]: frontend\controllers\SiteController->actionIndex()
#14 C:\xampp\htdocs\SM Scholarship Foundation\vendor\yiisoft\yii2\base\InlineAction.php(55): call_user_func_array(Array, Array)
#15 C:\xampp\htdocs\SM Scholarship Foundation\vendor\yiisoft\yii2\base\Controller.php(151): yii\base\InlineAction->runWithParams(Array)
#16 C:\xampp\htdocs\SM Scholarship Foundation\vendor\yiisoft\yii2\base\Module.php(455): yii\base\Controller->runAction('index', Array)
#17 C:\xampp\htdocs\SM Scholarship Foundation\vendor\yiisoft\yii2\web\Application.php(84): yii\base\Module->runAction('site/index', Array)
#18 C:\xampp\htdocs\SM Scholarship Foundation\vendor\yiisoft\yii2\base\Application.php(375): yii\web\Application->handleRequest(Object(yii\web\Request))
#19 C:\xampp\htdocs\SM Scholarship Foundation\frontend\web\index.php(18): yii\base\Application->run()
#20 {main}
2015-07-05 12:51:36 [::1][-][-][info][application] $_GET = [
    'r' => 'site/index'
]

$_COOKIE = [
    'PHPSESSID' => 'r617r8cvgre3t3iqptqvbk8610'
    '_identity' => '84cb79d48411c3833ad807d858b7662b08592aea8ecca9e91991f66fe5f229efa:2:{i:0;s:9:\"_identity\";i:1;s:46:\"[1,\"xYFIS2BLDkOgFuWR1sXmkJHvUqAl1fHA\",2592000]\";}'
    '_csrf' => '019642633d451154963a1f19213b96a374a4ddb75670b8f449b69df517b55cb9a:2:{i:0;s:5:\"_csrf\";i:1;s:32:\"4kI4tiou9moJXStmxfXyEONjdXXE1HY_\";}'
]

$_SERVER = [
    'MIBDIRS' => 'C:/xampp/php/extras/mibs'
    'MYSQL_HOME' => '\\xampp\\mysql\\bin'
    'OPENSSL_CONF' => 'C:/xampp/apache/bin/openssl.cnf'
    'PHP_PEAR_SYSCONF_DIR' => '\\xampp\\php'
    'PHPRC' => '\\xampp\\php'
    'TMP' => '\\xampp\\tmp'
    'HTTP_HOST' => 'localhost'
    'HTTP_CONNECTION' => 'keep-alive'
    'HTTP_CACHE_CONTROL' => 'max-age=0'
    'HTTP_ACCEPT' => 'text/html,application/xhtml+xml,application/xml;q=0.9,image/webp,*/*;q=0.8'
    'HTTP_USER_AGENT' => 'Mozilla/5.0 (Windows NT 6.1; WOW64) AppleWebKit/537.36 (KHTML, like Gecko) Chrome/43.0.2357.130 Safari/537.36'
    'HTTP_REFERER' => 'http://localhost/SM%20Scholarship%20Foundation/frontend/web/index.php?r=site%2Fsignup'
    'HTTP_ACCEPT_ENCODING' => 'gzip, deflate, sdch'
    'HTTP_ACCEPT_LANGUAGE' => 'en-US,en;q=0.8'
    'HTTP_COOKIE' => 'PHPSESSID=r617r8cvgre3t3iqptqvbk8610; _identity=84cb79d48411c3833ad807d858b7662b08592aea8ecca9e91991f66fe5f229efa%3A2%3A%7Bi%3A0%3Bs%3A9%3A%22_identity%22%3Bi%3A1%3Bs%3A46%3A%22%5B1%2C%22xYFIS2BLDkOgFuWR1sXmkJHvUqAl1fHA%22%2C2592000%5D%22%3B%7D; _csrf=019642633d451154963a1f19213b96a374a4ddb75670b8f449b69df517b55cb9a%3A2%3A%7Bi%3A0%3Bs%3A5%3A%22_csrf%22%3Bi%3A1%3Bs%3A32%3A%224kI4tiou9moJXStmxfXyEONjdXXE1HY_%22%3B%7D'
    'PATH' => 'C:\\ProgramData\\Oracle\\Java\\javapath;C:\\Program Files (x86)\\Intel\\iCLS Client\\;C:\\Program Files\\Intel\\iCLS Client\\;C:\\Windows\\system32;C:\\Windows;C:\\Windows\\System32\\Wbem;C:\\Windows\\System32\\WindowsPowerShell\\v1.0\\;C:\\Program Files\\Intel\\Intel(R) Management Engine Components\\DAL;C:\\Program Files\\Intel\\Intel(R) Management Engine Components\\IPT;C:\\Program Files (x86)\\Intel\\Intel(R) Management Engine Components\\DAL;C:\\Program Files (x86)\\Intel\\Intel(R) Management Engine Components\\IPT;C:\\xampp\\php;C:\\ProgramData\\ComposerSetup\\bin'
    'SystemRoot' => 'C:\\Windows'
    'COMSPEC' => 'C:\\Windows\\system32\\cmd.exe'
    'PATHEXT' => '.COM;.EXE;.BAT;.CMD;.VBS;.VBE;.JS;.JSE;.WSF;.WSH;.MSC'
    'WINDIR' => 'C:\\Windows'
    'SERVER_SIGNATURE' => '<address>Apache/2.4.4 (Win32) OpenSSL/0.9.8y PHP/5.4.16 Server at localhost Port 80</address>
'
    'SERVER_SOFTWARE' => 'Apache/2.4.4 (Win32) OpenSSL/0.9.8y PHP/5.4.16'
    'SERVER_NAME' => 'localhost'
    'SERVER_ADDR' => '::1'
    'SERVER_PORT' => '80'
    'REMOTE_ADDR' => '::1'
    'DOCUMENT_ROOT' => 'C:/xampp/htdocs'
    'REQUEST_SCHEME' => 'http'
    'CONTEXT_PREFIX' => ''
    'CONTEXT_DOCUMENT_ROOT' => 'C:/xampp/htdocs'
    'SERVER_ADMIN' => 'postmaster@localhost'
    'SCRIPT_FILENAME' => 'C:/xampp/htdocs/SM Scholarship Foundation/frontend/web/index.php'
    'REMOTE_PORT' => '51375'
    'GATEWAY_INTERFACE' => 'CGI/1.1'
    'SERVER_PROTOCOL' => 'HTTP/1.1'
    'REQUEST_METHOD' => 'GET'
    'QUERY_STRING' => 'r=site%2Findex'
    'REQUEST_URI' => '/SM%20Scholarship%20Foundation/frontend/web/index.php?r=site%2Findex'
    'SCRIPT_NAME' => '/SM Scholarship Foundation/frontend/web/index.php'
    'PHP_SELF' => '/SM Scholarship Foundation/frontend/web/index.php'
    'REQUEST_TIME_FLOAT' => 1436093496.92
    'REQUEST_TIME' => 1436093496
]
2015-07-05 13:03:41 [::1][-][-][error][yii\base\UnknownPropertyException] exception 'yii\base\UnknownPropertyException' with message 'Setting unknown property: yii\bootstrap\NavBar::0' in C:\xampp\htdocs\SM Scholarship Foundation\vendor\yiisoft\yii2\base\Component.php:197
Stack trace:
#0 C:\xampp\htdocs\SM Scholarship Foundation\vendor\yiisoft\yii2\BaseYii.php(518): yii\base\Component->__set('0', 'SM Scholarship ...')
#1 C:\xampp\htdocs\SM Scholarship Foundation\vendor\yiisoft\yii2\base\Object.php(105): yii\BaseYii::configure(Object(yii\bootstrap\NavBar), Array)
#2 [internal function]: yii\base\Object->__construct(Array)
#3 C:\xampp\htdocs\SM Scholarship Foundation\vendor\yiisoft\yii2\di\Container.php(372): ReflectionClass->newInstanceArgs(Array)
#4 C:\xampp\htdocs\SM Scholarship Foundation\vendor\yiisoft\yii2\di\Container.php(151): yii\di\Container->build('yii\bootstrap\N...', Array, Array)
#5 C:\xampp\htdocs\SM Scholarship Foundation\vendor\yiisoft\yii2\BaseYii.php(344): yii\di\Container->get('yii\bootstrap\N...', Array, Array)
#6 C:\xampp\htdocs\SM Scholarship Foundation\vendor\yiisoft\yii2\base\Widget.php(56): yii\BaseYii::createObject(Array)
#7 C:\xampp\htdocs\SM Scholarship Foundation\frontend\views\layouts\main.php(34): yii\base\Widget::begin(Array)
#8 C:\xampp\htdocs\SM Scholarship Foundation\vendor\yiisoft\yii2\base\View.php(325): require('C:\xampp\htdocs...')
#9 C:\xampp\htdocs\SM Scholarship Foundation\vendor\yiisoft\yii2\base\View.php(247): yii\base\View->renderPhpFile('C:\xampp\htdocs...', Array)
#10 C:\xampp\htdocs\SM Scholarship Foundation\vendor\yiisoft\yii2\base\Controller.php(386): yii\base\View->renderFile('C:\xampp\htdocs...', Array, Object(frontend\controllers\SiteController))
#11 C:\xampp\htdocs\SM Scholarship Foundation\vendor\yiisoft\yii2\base\Controller.php(372): yii\base\Controller->renderContent('<div class="sit...')
#12 C:\xampp\htdocs\SM Scholarship Foundation\frontend\controllers\SiteController.php(70): yii\base\Controller->render('index')
#13 [internal function]: frontend\controllers\SiteController->actionIndex()
#14 C:\xampp\htdocs\SM Scholarship Foundation\vendor\yiisoft\yii2\base\InlineAction.php(55): call_user_func_array(Array, Array)
#15 C:\xampp\htdocs\SM Scholarship Foundation\vendor\yiisoft\yii2\base\Controller.php(151): yii\base\InlineAction->runWithParams(Array)
#16 C:\xampp\htdocs\SM Scholarship Foundation\vendor\yiisoft\yii2\base\Module.php(455): yii\base\Controller->runAction('index', Array)
#17 C:\xampp\htdocs\SM Scholarship Foundation\vendor\yiisoft\yii2\web\Application.php(84): yii\base\Module->runAction('site/index', Array)
#18 C:\xampp\htdocs\SM Scholarship Foundation\vendor\yiisoft\yii2\base\Application.php(375): yii\web\Application->handleRequest(Object(yii\web\Request))
#19 C:\xampp\htdocs\SM Scholarship Foundation\frontend\web\index.php(18): yii\base\Application->run()
#20 {main}
2015-07-05 13:03:41 [::1][-][-][info][application] $_GET = [
    'r' => 'site/index'
]

$_COOKIE = [
    'PHPSESSID' => 'r617r8cvgre3t3iqptqvbk8610'
    '_identity' => '84cb79d48411c3833ad807d858b7662b08592aea8ecca9e91991f66fe5f229efa:2:{i:0;s:9:\"_identity\";i:1;s:46:\"[1,\"xYFIS2BLDkOgFuWR1sXmkJHvUqAl1fHA\",2592000]\";}'
    '_csrf' => '019642633d451154963a1f19213b96a374a4ddb75670b8f449b69df517b55cb9a:2:{i:0;s:5:\"_csrf\";i:1;s:32:\"4kI4tiou9moJXStmxfXyEONjdXXE1HY_\";}'
]

$_SERVER = [
    'MIBDIRS' => 'C:/xampp/php/extras/mibs'
    'MYSQL_HOME' => '\\xampp\\mysql\\bin'
    'OPENSSL_CONF' => 'C:/xampp/apache/bin/openssl.cnf'
    'PHP_PEAR_SYSCONF_DIR' => '\\xampp\\php'
    'PHPRC' => '\\xampp\\php'
    'TMP' => '\\xampp\\tmp'
    'HTTP_HOST' => 'localhost'
    'HTTP_CONNECTION' => 'keep-alive'
    'HTTP_CACHE_CONTROL' => 'max-age=0'
    'HTTP_ACCEPT' => 'text/html,application/xhtml+xml,application/xml;q=0.9,image/webp,*/*;q=0.8'
    'HTTP_USER_AGENT' => 'Mozilla/5.0 (Windows NT 6.1; WOW64) AppleWebKit/537.36 (KHTML, like Gecko) Chrome/43.0.2357.130 Safari/537.36'
    'HTTP_REFERER' => 'http://localhost/SM%20Scholarship%20Foundation/frontend/web/index.php?r=site%2Fsignup'
    'HTTP_ACCEPT_ENCODING' => 'gzip, deflate, sdch'
    'HTTP_ACCEPT_LANGUAGE' => 'en-US,en;q=0.8'
    'HTTP_COOKIE' => 'PHPSESSID=r617r8cvgre3t3iqptqvbk8610; _identity=84cb79d48411c3833ad807d858b7662b08592aea8ecca9e91991f66fe5f229efa%3A2%3A%7Bi%3A0%3Bs%3A9%3A%22_identity%22%3Bi%3A1%3Bs%3A46%3A%22%5B1%2C%22xYFIS2BLDkOgFuWR1sXmkJHvUqAl1fHA%22%2C2592000%5D%22%3B%7D; _csrf=019642633d451154963a1f19213b96a374a4ddb75670b8f449b69df517b55cb9a%3A2%3A%7Bi%3A0%3Bs%3A5%3A%22_csrf%22%3Bi%3A1%3Bs%3A32%3A%224kI4tiou9moJXStmxfXyEONjdXXE1HY_%22%3B%7D'
    'PATH' => 'C:\\ProgramData\\Oracle\\Java\\javapath;C:\\Program Files (x86)\\Intel\\iCLS Client\\;C:\\Program Files\\Intel\\iCLS Client\\;C:\\Windows\\system32;C:\\Windows;C:\\Windows\\System32\\Wbem;C:\\Windows\\System32\\WindowsPowerShell\\v1.0\\;C:\\Program Files\\Intel\\Intel(R) Management Engine Components\\DAL;C:\\Program Files\\Intel\\Intel(R) Management Engine Components\\IPT;C:\\Program Files (x86)\\Intel\\Intel(R) Management Engine Components\\DAL;C:\\Program Files (x86)\\Intel\\Intel(R) Management Engine Components\\IPT;C:\\xampp\\php;C:\\ProgramData\\ComposerSetup\\bin'
    'SystemRoot' => 'C:\\Windows'
    'COMSPEC' => 'C:\\Windows\\system32\\cmd.exe'
    'PATHEXT' => '.COM;.EXE;.BAT;.CMD;.VBS;.VBE;.JS;.JSE;.WSF;.WSH;.MSC'
    'WINDIR' => 'C:\\Windows'
    'SERVER_SIGNATURE' => '<address>Apache/2.4.4 (Win32) OpenSSL/0.9.8y PHP/5.4.16 Server at localhost Port 80</address>
'
    'SERVER_SOFTWARE' => 'Apache/2.4.4 (Win32) OpenSSL/0.9.8y PHP/5.4.16'
    'SERVER_NAME' => 'localhost'
    'SERVER_ADDR' => '::1'
    'SERVER_PORT' => '80'
    'REMOTE_ADDR' => '::1'
    'DOCUMENT_ROOT' => 'C:/xampp/htdocs'
    'REQUEST_SCHEME' => 'http'
    'CONTEXT_PREFIX' => ''
    'CONTEXT_DOCUMENT_ROOT' => 'C:/xampp/htdocs'
    'SERVER_ADMIN' => 'postmaster@localhost'
    'SCRIPT_FILENAME' => 'C:/xampp/htdocs/SM Scholarship Foundation/frontend/web/index.php'
    'REMOTE_PORT' => '51502'
    'GATEWAY_INTERFACE' => 'CGI/1.1'
    'SERVER_PROTOCOL' => 'HTTP/1.1'
    'REQUEST_METHOD' => 'GET'
    'QUERY_STRING' => 'r=site%2Findex'
    'REQUEST_URI' => '/SM%20Scholarship%20Foundation/frontend/web/index.php?r=site%2Findex'
    'SCRIPT_NAME' => '/SM Scholarship Foundation/frontend/web/index.php'
    'PHP_SELF' => '/SM Scholarship Foundation/frontend/web/index.php'
    'REQUEST_TIME_FLOAT' => 1436094221.155
    'REQUEST_TIME' => 1436094221
]
2015-07-05 14:03:33 [::1][-][-][error][yii\web\HttpException:403] exception 'yii\web\ForbiddenHttpException' with message 'Login Required' in C:\xampp\htdocs\SM Scholarship Foundation\vendor\yiisoft\yii2\web\User.php:431
Stack trace:
#0 C:\xampp\htdocs\SM Scholarship Foundation\vendor\yiisoft\yii2\filters\AccessControl.php(149): yii\web\User->loginRequired()
#1 C:\xampp\htdocs\SM Scholarship Foundation\vendor\yiisoft\yii2\filters\AccessControl.php(134): yii\filters\AccessControl->denyAccess(Object(yii\web\User))
#2 C:\xampp\htdocs\SM Scholarship Foundation\vendor\yiisoft\yii2\base\ActionFilter.php(71): yii\filters\AccessControl->beforeAction(Object(yii\base\InlineAction))
#3 [internal function]: yii\base\ActionFilter->beforeFilter(Object(yii\base\ActionEvent))
#4 C:\xampp\htdocs\SM Scholarship Foundation\vendor\yiisoft\yii2\base\Component.php(541): call_user_func(Array, Object(yii\base\ActionEvent))
#5 C:\xampp\htdocs\SM Scholarship Foundation\vendor\yiisoft\yii2\base\Controller.php(263): yii\base\Component->trigger('beforeAction', Object(yii\base\ActionEvent))
#6 C:\xampp\htdocs\SM Scholarship Foundation\vendor\yiisoft\yii2\web\Controller.php(108): yii\base\Controller->beforeAction(Object(yii\base\InlineAction))
#7 C:\xampp\htdocs\SM Scholarship Foundation\vendor\yiisoft\yii2\base\Controller.php(149): yii\web\Controller->beforeAction(Object(yii\base\InlineAction))
#8 C:\xampp\htdocs\SM Scholarship Foundation\vendor\yiisoft\yii2\base\Module.php(455): yii\base\Controller->runAction('login', Array)
#9 C:\xampp\htdocs\SM Scholarship Foundation\vendor\yiisoft\yii2\web\Application.php(84): yii\base\Module->runAction('site/login', Array)
#10 C:\xampp\htdocs\SM Scholarship Foundation\vendor\yiisoft\yii2\base\Application.php(375): yii\web\Application->handleRequest(Object(yii\web\Request))
#11 C:\xampp\htdocs\SM Scholarship Foundation\frontend\web\index.php(18): yii\base\Application->run()
#12 {main}
2015-07-05 14:03:33 [::1][-][-][info][application] $_GET = [
    'r' => 'site/login'
]

$_COOKIE = [
    '_csrf' => '019642633d451154963a1f19213b96a374a4ddb75670b8f449b69df517b55cb9a:2:{i:0;s:5:\"_csrf\";i:1;s:32:\"4kI4tiou9moJXStmxfXyEONjdXXE1HY_\";}'
    'PHPSESSID' => '4gp8gkmhp18vihpcmbbm2l6gn7'
]

$_SESSION = [
    '__flash' => []
    '__returnUrl' => '/SM%20Scholarship%20Foundation/frontend/web/index.php?r=site%2Flogin'
]

$_SERVER = [
    'MIBDIRS' => 'C:/xampp/php/extras/mibs'
    'MYSQL_HOME' => '\\xampp\\mysql\\bin'
    'OPENSSL_CONF' => 'C:/xampp/apache/bin/openssl.cnf'
    'PHP_PEAR_SYSCONF_DIR' => '\\xampp\\php'
    'PHPRC' => '\\xampp\\php'
    'TMP' => '\\xampp\\tmp'
    'HTTP_HOST' => 'localhost'
    'HTTP_CONNECTION' => 'keep-alive'
    'HTTP_CACHE_CONTROL' => 'max-age=0'
    'HTTP_ACCEPT' => 'text/html,application/xhtml+xml,application/xml;q=0.9,image/webp,*/*;q=0.8'
    'HTTP_USER_AGENT' => 'Mozilla/5.0 (Windows NT 6.1; WOW64) AppleWebKit/537.36 (KHTML, like Gecko) Chrome/43.0.2357.130 Safari/537.36'
    'HTTP_REFERER' => 'http://localhost/SM%20Scholarship%20Foundation/frontend/web/index.php'
    'HTTP_ACCEPT_ENCODING' => 'gzip, deflate, sdch'
    'HTTP_ACCEPT_LANGUAGE' => 'en-US,en;q=0.8'
    'HTTP_COOKIE' => '_csrf=019642633d451154963a1f19213b96a374a4ddb75670b8f449b69df517b55cb9a%3A2%3A%7Bi%3A0%3Bs%3A5%3A%22_csrf%22%3Bi%3A1%3Bs%3A32%3A%224kI4tiou9moJXStmxfXyEONjdXXE1HY_%22%3B%7D; PHPSESSID=4gp8gkmhp18vihpcmbbm2l6gn7'
    'PATH' => 'C:\\ProgramData\\Oracle\\Java\\javapath;C:\\Program Files (x86)\\Intel\\iCLS Client\\;C:\\Program Files\\Intel\\iCLS Client\\;C:\\Windows\\system32;C:\\Windows;C:\\Windows\\System32\\Wbem;C:\\Windows\\System32\\WindowsPowerShell\\v1.0\\;C:\\Program Files\\Intel\\Intel(R) Management Engine Components\\DAL;C:\\Program Files\\Intel\\Intel(R) Management Engine Components\\IPT;C:\\Program Files (x86)\\Intel\\Intel(R) Management Engine Components\\DAL;C:\\Program Files (x86)\\Intel\\Intel(R) Management Engine Components\\IPT;C:\\xampp\\php;C:\\ProgramData\\ComposerSetup\\bin'
    'SystemRoot' => 'C:\\Windows'
    'COMSPEC' => 'C:\\Windows\\system32\\cmd.exe'
    'PATHEXT' => '.COM;.EXE;.BAT;.CMD;.VBS;.VBE;.JS;.JSE;.WSF;.WSH;.MSC'
    'WINDIR' => 'C:\\Windows'
    'SERVER_SIGNATURE' => '<address>Apache/2.4.4 (Win32) OpenSSL/0.9.8y PHP/5.4.16 Server at localhost Port 80</address>
'
    'SERVER_SOFTWARE' => 'Apache/2.4.4 (Win32) OpenSSL/0.9.8y PHP/5.4.16'
    'SERVER_NAME' => 'localhost'
    'SERVER_ADDR' => '::1'
    'SERVER_PORT' => '80'
    'REMOTE_ADDR' => '::1'
    'DOCUMENT_ROOT' => 'C:/xampp/htdocs'
    'REQUEST_SCHEME' => 'http'
    'CONTEXT_PREFIX' => ''
    'CONTEXT_DOCUMENT_ROOT' => 'C:/xampp/htdocs'
    'SERVER_ADMIN' => 'postmaster@localhost'
    'SCRIPT_FILENAME' => 'C:/xampp/htdocs/SM Scholarship Foundation/frontend/web/index.php'
    'REMOTE_PORT' => '52413'
    'GATEWAY_INTERFACE' => 'CGI/1.1'
    'SERVER_PROTOCOL' => 'HTTP/1.1'
    'REQUEST_METHOD' => 'GET'
    'QUERY_STRING' => 'r=site%2Flogin'
    'REQUEST_URI' => '/SM%20Scholarship%20Foundation/frontend/web/index.php?r=site%2Flogin'
    'SCRIPT_NAME' => '/SM Scholarship Foundation/frontend/web/index.php'
    'PHP_SELF' => '/SM Scholarship Foundation/frontend/web/index.php'
    'REQUEST_TIME_FLOAT' => 1436097813.492
    'REQUEST_TIME' => 1436097813
]
2015-07-05 14:03:35 [::1][-][-][error][yii\web\HttpException:403] exception 'yii\web\ForbiddenHttpException' with message 'Login Required' in C:\xampp\htdocs\SM Scholarship Foundation\vendor\yiisoft\yii2\web\User.php:431
Stack trace:
#0 C:\xampp\htdocs\SM Scholarship Foundation\vendor\yiisoft\yii2\filters\AccessControl.php(149): yii\web\User->loginRequired()
#1 C:\xampp\htdocs\SM Scholarship Foundation\vendor\yiisoft\yii2\filters\AccessControl.php(134): yii\filters\AccessControl->denyAccess(Object(yii\web\User))
#2 C:\xampp\htdocs\SM Scholarship Foundation\vendor\yiisoft\yii2\base\ActionFilter.php(71): yii\filters\AccessControl->beforeAction(Object(yii\base\InlineAction))
#3 [internal function]: yii\base\ActionFilter->beforeFilter(Object(yii\base\ActionEvent))
#4 C:\xampp\htdocs\SM Scholarship Foundation\vendor\yiisoft\yii2\base\Component.php(541): call_user_func(Array, Object(yii\base\ActionEvent))
#5 C:\xampp\htdocs\SM Scholarship Foundation\vendor\yiisoft\yii2\base\Controller.php(263): yii\base\Component->trigger('beforeAction', Object(yii\base\ActionEvent))
#6 C:\xampp\htdocs\SM Scholarship Foundation\vendor\yiisoft\yii2\web\Controller.php(108): yii\base\Controller->beforeAction(Object(yii\base\InlineAction))
#7 C:\xampp\htdocs\SM Scholarship Foundation\vendor\yiisoft\yii2\base\Controller.php(149): yii\web\Controller->beforeAction(Object(yii\base\InlineAction))
#8 C:\xampp\htdocs\SM Scholarship Foundation\vendor\yiisoft\yii2\base\Module.php(455): yii\base\Controller->runAction('login', Array)
#9 C:\xampp\htdocs\SM Scholarship Foundation\vendor\yiisoft\yii2\web\Application.php(84): yii\base\Module->runAction('site/login', Array)
#10 C:\xampp\htdocs\SM Scholarship Foundation\vendor\yiisoft\yii2\base\Application.php(375): yii\web\Application->handleRequest(Object(yii\web\Request))
#11 C:\xampp\htdocs\SM Scholarship Foundation\frontend\web\index.php(18): yii\base\Application->run()
#12 {main}
2015-07-05 14:03:35 [::1][-][-][info][application] $_GET = [
    'r' => 'site/login'
]

$_COOKIE = [
    '_csrf' => '019642633d451154963a1f19213b96a374a4ddb75670b8f449b69df517b55cb9a:2:{i:0;s:5:\"_csrf\";i:1;s:32:\"4kI4tiou9moJXStmxfXyEONjdXXE1HY_\";}'
    'PHPSESSID' => '4gp8gkmhp18vihpcmbbm2l6gn7'
]

$_SESSION = [
    '__flash' => []
    '__returnUrl' => '/SM%20Scholarship%20Foundation/frontend/web/index.php?r=site%2Flogin'
]

$_SERVER = [
    'MIBDIRS' => 'C:/xampp/php/extras/mibs'
    'MYSQL_HOME' => '\\xampp\\mysql\\bin'
    'OPENSSL_CONF' => 'C:/xampp/apache/bin/openssl.cnf'
    'PHP_PEAR_SYSCONF_DIR' => '\\xampp\\php'
    'PHPRC' => '\\xampp\\php'
    'TMP' => '\\xampp\\tmp'
    'HTTP_HOST' => 'localhost'
    'HTTP_CONNECTION' => 'keep-alive'
    'HTTP_CACHE_CONTROL' => 'max-age=0'
    'HTTP_ACCEPT' => 'text/html,application/xhtml+xml,application/xml;q=0.9,image/webp,*/*;q=0.8'
    'HTTP_USER_AGENT' => 'Mozilla/5.0 (Windows NT 6.1; WOW64) AppleWebKit/537.36 (KHTML, like Gecko) Chrome/43.0.2357.130 Safari/537.36'
    'HTTP_REFERER' => 'http://localhost/SM%20Scholarship%20Foundation/frontend/web/index.php'
    'HTTP_ACCEPT_ENCODING' => 'gzip, deflate, sdch'
    'HTTP_ACCEPT_LANGUAGE' => 'en-US,en;q=0.8'
    'HTTP_COOKIE' => '_csrf=019642633d451154963a1f19213b96a374a4ddb75670b8f449b69df517b55cb9a%3A2%3A%7Bi%3A0%3Bs%3A5%3A%22_csrf%22%3Bi%3A1%3Bs%3A32%3A%224kI4tiou9moJXStmxfXyEONjdXXE1HY_%22%3B%7D; PHPSESSID=4gp8gkmhp18vihpcmbbm2l6gn7'
    'PATH' => 'C:\\ProgramData\\Oracle\\Java\\javapath;C:\\Program Files (x86)\\Intel\\iCLS Client\\;C:\\Program Files\\Intel\\iCLS Client\\;C:\\Windows\\system32;C:\\Windows;C:\\Windows\\System32\\Wbem;C:\\Windows\\System32\\WindowsPowerShell\\v1.0\\;C:\\Program Files\\Intel\\Intel(R) Management Engine Components\\DAL;C:\\Program Files\\Intel\\Intel(R) Management Engine Components\\IPT;C:\\Program Files (x86)\\Intel\\Intel(R) Management Engine Components\\DAL;C:\\Program Files (x86)\\Intel\\Intel(R) Management Engine Components\\IPT;C:\\xampp\\php;C:\\ProgramData\\ComposerSetup\\bin'
    'SystemRoot' => 'C:\\Windows'
    'COMSPEC' => 'C:\\Windows\\system32\\cmd.exe'
    'PATHEXT' => '.COM;.EXE;.BAT;.CMD;.VBS;.VBE;.JS;.JSE;.WSF;.WSH;.MSC'
    'WINDIR' => 'C:\\Windows'
    'SERVER_SIGNATURE' => '<address>Apache/2.4.4 (Win32) OpenSSL/0.9.8y PHP/5.4.16 Server at localhost Port 80</address>
'
    'SERVER_SOFTWARE' => 'Apache/2.4.4 (Win32) OpenSSL/0.9.8y PHP/5.4.16'
    'SERVER_NAME' => 'localhost'
    'SERVER_ADDR' => '::1'
    'SERVER_PORT' => '80'
    'REMOTE_ADDR' => '::1'
    'DOCUMENT_ROOT' => 'C:/xampp/htdocs'
    'REQUEST_SCHEME' => 'http'
    'CONTEXT_PREFIX' => ''
    'CONTEXT_DOCUMENT_ROOT' => 'C:/xampp/htdocs'
    'SERVER_ADMIN' => 'postmaster@localhost'
    'SCRIPT_FILENAME' => 'C:/xampp/htdocs/SM Scholarship Foundation/frontend/web/index.php'
    'REMOTE_PORT' => '52414'
    'GATEWAY_INTERFACE' => 'CGI/1.1'
    'SERVER_PROTOCOL' => 'HTTP/1.1'
    'REQUEST_METHOD' => 'GET'
    'QUERY_STRING' => 'r=site%2Flogin'
    'REQUEST_URI' => '/SM%20Scholarship%20Foundation/frontend/web/index.php?r=site%2Flogin'
    'SCRIPT_NAME' => '/SM Scholarship Foundation/frontend/web/index.php'
    'PHP_SELF' => '/SM Scholarship Foundation/frontend/web/index.php'
    'REQUEST_TIME_FLOAT' => 1436097815.251
    'REQUEST_TIME' => 1436097815
]
2015-07-05 14:07:02 [::1][1][-][error][yii\web\HttpException:403] exception 'yii\web\ForbiddenHttpException' with message 'You are not allowed to perform this action.' in C:\xampp\htdocs\SM Scholarship Foundation\vendor\yiisoft\yii2\filters\AccessControl.php:151
Stack trace:
#0 C:\xampp\htdocs\SM Scholarship Foundation\vendor\yiisoft\yii2\filters\AccessControl.php(134): yii\filters\AccessControl->denyAccess(Object(yii\web\User))
#1 C:\xampp\htdocs\SM Scholarship Foundation\vendor\yiisoft\yii2\base\ActionFilter.php(71): yii\filters\AccessControl->beforeAction(Object(yii\base\InlineAction))
#2 [internal function]: yii\base\ActionFilter->beforeFilter(Object(yii\base\ActionEvent))
#3 C:\xampp\htdocs\SM Scholarship Foundation\vendor\yiisoft\yii2\base\Component.php(541): call_user_func(Array, Object(yii\base\ActionEvent))
#4 C:\xampp\htdocs\SM Scholarship Foundation\vendor\yiisoft\yii2\base\Controller.php(263): yii\base\Component->trigger('beforeAction', Object(yii\base\ActionEvent))
#5 C:\xampp\htdocs\SM Scholarship Foundation\vendor\yiisoft\yii2\web\Controller.php(108): yii\base\Controller->beforeAction(Object(yii\base\InlineAction))
#6 C:\xampp\htdocs\SM Scholarship Foundation\vendor\yiisoft\yii2\base\Controller.php(149): yii\web\Controller->beforeAction(Object(yii\base\InlineAction))
#7 C:\xampp\htdocs\SM Scholarship Foundation\vendor\yiisoft\yii2\base\Module.php(455): yii\base\Controller->runAction('', Array)
#8 C:\xampp\htdocs\SM Scholarship Foundation\vendor\yiisoft\yii2\web\Application.php(84): yii\base\Module->runAction('', Array)
#9 C:\xampp\htdocs\SM Scholarship Foundation\vendor\yiisoft\yii2\base\Application.php(375): yii\web\Application->handleRequest(Object(yii\web\Request))
#10 C:\xampp\htdocs\SM Scholarship Foundation\frontend\web\index.php(18): yii\base\Application->run()
#11 {main}
2015-07-05 14:07:01 [::1][1][-][info][application] $_COOKIE = [
    '_csrf' => '019642633d451154963a1f19213b96a374a4ddb75670b8f449b69df517b55cb9a:2:{i:0;s:5:\"_csrf\";i:1;s:32:\"4kI4tiou9moJXStmxfXyEONjdXXE1HY_\";}'
    'PHPSESSID' => '0s5n21mql999iflfupo2jdh6h7'
    '_identity' => '7cbc1c554d648cfe9e1f44fc94ea169d10b21a5e895a87689dd5aecf484678a6a:2:{i:0;s:9:\"_identity\";i:1;s:46:\"[1,\"V989gHprwtACh1t3KDzR9lJNUtMMC6nl\",2592000]\";}'
]

$_SESSION = [
    '__flash' => []
    '__returnUrl' => '/SM%20Scholarship%20Foundation/frontend/web/index.php?r=site%2Findex'
    '__id' => 1
]

$_SERVER = [
    'MIBDIRS' => 'C:/xampp/php/extras/mibs'
    'MYSQL_HOME' => '\\xampp\\mysql\\bin'
    'OPENSSL_CONF' => 'C:/xampp/apache/bin/openssl.cnf'
    'PHP_PEAR_SYSCONF_DIR' => '\\xampp\\php'
    'PHPRC' => '\\xampp\\php'
    'TMP' => '\\xampp\\tmp'
    'HTTP_HOST' => 'localhost'
    'HTTP_CONNECTION' => 'keep-alive'
    'HTTP_CACHE_CONTROL' => 'max-age=0'
    'HTTP_ACCEPT' => 'text/html,application/xhtml+xml,application/xml;q=0.9,image/webp,*/*;q=0.8'
    'HTTP_USER_AGENT' => 'Mozilla/5.0 (Windows NT 6.1; WOW64) AppleWebKit/537.36 (KHTML, like Gecko) Chrome/43.0.2357.130 Safari/537.36'
    'HTTP_REFERER' => 'http://localhost/SM%20Scholarship%20Foundation/frontend/web/index.php?r=site%2Flogin'
    'HTTP_ACCEPT_ENCODING' => 'gzip, deflate, sdch'
    'HTTP_ACCEPT_LANGUAGE' => 'en-US,en;q=0.8'
    'HTTP_COOKIE' => '_csrf=019642633d451154963a1f19213b96a374a4ddb75670b8f449b69df517b55cb9a%3A2%3A%7Bi%3A0%3Bs%3A5%3A%22_csrf%22%3Bi%3A1%3Bs%3A32%3A%224kI4tiou9moJXStmxfXyEONjdXXE1HY_%22%3B%7D; PHPSESSID=0s5n21mql999iflfupo2jdh6h7; _identity=7cbc1c554d648cfe9e1f44fc94ea169d10b21a5e895a87689dd5aecf484678a6a%3A2%3A%7Bi%3A0%3Bs%3A9%3A%22_identity%22%3Bi%3A1%3Bs%3A46%3A%22%5B1%2C%22V989gHprwtACh1t3KDzR9lJNUtMMC6nl%22%2C2592000%5D%22%3B%7D'
    'PATH' => 'C:\\ProgramData\\Oracle\\Java\\javapath;C:\\Program Files (x86)\\Intel\\iCLS Client\\;C:\\Program Files\\Intel\\iCLS Client\\;C:\\Windows\\system32;C:\\Windows;C:\\Windows\\System32\\Wbem;C:\\Windows\\System32\\WindowsPowerShell\\v1.0\\;C:\\Program Files\\Intel\\Intel(R) Management Engine Components\\DAL;C:\\Program Files\\Intel\\Intel(R) Management Engine Components\\IPT;C:\\Program Files (x86)\\Intel\\Intel(R) Management Engine Components\\DAL;C:\\Program Files (x86)\\Intel\\Intel(R) Management Engine Components\\IPT;C:\\xampp\\php;C:\\ProgramData\\ComposerSetup\\bin'
    'SystemRoot' => 'C:\\Windows'
    'COMSPEC' => 'C:\\Windows\\system32\\cmd.exe'
    'PATHEXT' => '.COM;.EXE;.BAT;.CMD;.VBS;.VBE;.JS;.JSE;.WSF;.WSH;.MSC'
    'WINDIR' => 'C:\\Windows'
    'SERVER_SIGNATURE' => '<address>Apache/2.4.4 (Win32) OpenSSL/0.9.8y PHP/5.4.16 Server at localhost Port 80</address>
'
    'SERVER_SOFTWARE' => 'Apache/2.4.4 (Win32) OpenSSL/0.9.8y PHP/5.4.16'
    'SERVER_NAME' => 'localhost'
    'SERVER_ADDR' => '::1'
    'SERVER_PORT' => '80'
    'REMOTE_ADDR' => '::1'
    'DOCUMENT_ROOT' => 'C:/xampp/htdocs'
    'REQUEST_SCHEME' => 'http'
    'CONTEXT_PREFIX' => ''
    'CONTEXT_DOCUMENT_ROOT' => 'C:/xampp/htdocs'
    'SERVER_ADMIN' => 'postmaster@localhost'
    'SCRIPT_FILENAME' => 'C:/xampp/htdocs/SM Scholarship Foundation/frontend/web/index.php'
    'REMOTE_PORT' => '52464'
    'GATEWAY_INTERFACE' => 'CGI/1.1'
    'SERVER_PROTOCOL' => 'HTTP/1.1'
    'REQUEST_METHOD' => 'GET'
    'QUERY_STRING' => ''
    'REQUEST_URI' => '/SM%20Scholarship%20Foundation/frontend/web/index.php'
    'SCRIPT_NAME' => '/SM Scholarship Foundation/frontend/web/index.php'
    'PHP_SELF' => '/SM Scholarship Foundation/frontend/web/index.php'
    'REQUEST_TIME_FLOAT' => 1436098021.191
    'REQUEST_TIME' => 1436098021
]
2015-07-05 14:08:57 [::1][1][-][error][yii\web\HttpException:403] exception 'yii\web\ForbiddenHttpException' with message 'You are not allowed to perform this action.' in C:\xampp\htdocs\SM Scholarship Foundation\vendor\yiisoft\yii2\filters\AccessControl.php:151
Stack trace:
#0 C:\xampp\htdocs\SM Scholarship Foundation\vendor\yiisoft\yii2\filters\AccessControl.php(134): yii\filters\AccessControl->denyAccess(Object(yii\web\User))
#1 C:\xampp\htdocs\SM Scholarship Foundation\vendor\yiisoft\yii2\base\ActionFilter.php(71): yii\filters\AccessControl->beforeAction(Object(yii\base\InlineAction))
#2 [internal function]: yii\base\ActionFilter->beforeFilter(Object(yii\base\ActionEvent))
#3 C:\xampp\htdocs\SM Scholarship Foundation\vendor\yiisoft\yii2\base\Component.php(541): call_user_func(Array, Object(yii\base\ActionEvent))
#4 C:\xampp\htdocs\SM Scholarship Foundation\vendor\yiisoft\yii2\base\Controller.php(263): yii\base\Component->trigger('beforeAction', Object(yii\base\ActionEvent))
#5 C:\xampp\htdocs\SM Scholarship Foundation\vendor\yiisoft\yii2\web\Controller.php(108): yii\base\Controller->beforeAction(Object(yii\base\InlineAction))
#6 C:\xampp\htdocs\SM Scholarship Foundation\vendor\yiisoft\yii2\base\Controller.php(149): yii\web\Controller->beforeAction(Object(yii\base\InlineAction))
#7 C:\xampp\htdocs\SM Scholarship Foundation\vendor\yiisoft\yii2\base\Module.php(455): yii\base\Controller->runAction('logout', Array)
#8 C:\xampp\htdocs\SM Scholarship Foundation\vendor\yiisoft\yii2\web\Application.php(84): yii\base\Module->runAction('site/logout', Array)
#9 C:\xampp\htdocs\SM Scholarship Foundation\vendor\yiisoft\yii2\base\Application.php(375): yii\web\Application->handleRequest(Object(yii\web\Request))
#10 C:\xampp\htdocs\SM Scholarship Foundation\frontend\web\index.php(18): yii\base\Application->run()
#11 {main}
2015-07-05 14:08:56 [::1][1][-][info][application] $_GET = [
    'r' => 'site/logout'
]

$_POST = [
    '_csrf' => 'dzNSX2NBNnlDWBtrFyhZDE5ePRU7EkIUD1UKJiYOeBMTawoaUglvJg=='
]

$_COOKIE = [
    '_csrf' => '019642633d451154963a1f19213b96a374a4ddb75670b8f449b69df517b55cb9a:2:{i:0;s:5:\"_csrf\";i:1;s:32:\"4kI4tiou9moJXStmxfXyEONjdXXE1HY_\";}'
    'PHPSESSID' => '0s5n21mql999iflfupo2jdh6h7'
    '_identity' => '7cbc1c554d648cfe9e1f44fc94ea169d10b21a5e895a87689dd5aecf484678a6a:2:{i:0;s:9:\"_identity\";i:1;s:46:\"[1,\"V989gHprwtACh1t3KDzR9lJNUtMMC6nl\",2592000]\";}'
]

$_SESSION = [
    '__flash' => []
    '__returnUrl' => '/SM%20Scholarship%20Foundation/frontend/web/index.php?r=site%2Findex'
    '__id' => 1
]

$_SERVER = [
    'MIBDIRS' => 'C:/xampp/php/extras/mibs'
    'MYSQL_HOME' => '\\xampp\\mysql\\bin'
    'OPENSSL_CONF' => 'C:/xampp/apache/bin/openssl.cnf'
    'PHP_PEAR_SYSCONF_DIR' => '\\xampp\\php'
    'PHPRC' => '\\xampp\\php'
    'TMP' => '\\xampp\\tmp'
    'HTTP_HOST' => 'localhost'
    'HTTP_CONNECTION' => 'keep-alive'
    'CONTENT_LENGTH' => '66'
    'HTTP_CACHE_CONTROL' => 'max-age=0'
    'HTTP_ACCEPT' => 'text/html,application/xhtml+xml,application/xml;q=0.9,image/webp,*/*;q=0.8'
    'HTTP_ORIGIN' => 'http://localhost'
    'HTTP_USER_AGENT' => 'Mozilla/5.0 (Windows NT 6.1; WOW64) AppleWebKit/537.36 (KHTML, like Gecko) Chrome/43.0.2357.130 Safari/537.36'
    'CONTENT_TYPE' => 'application/x-www-form-urlencoded'
    'HTTP_REFERER' => 'http://localhost/SM%20Scholarship%20Foundation/frontend/web/index.php'
    'HTTP_ACCEPT_ENCODING' => 'gzip, deflate'
    'HTTP_ACCEPT_LANGUAGE' => 'en-US,en;q=0.8'
    'HTTP_COOKIE' => '_csrf=019642633d451154963a1f19213b96a374a4ddb75670b8f449b69df517b55cb9a%3A2%3A%7Bi%3A0%3Bs%3A5%3A%22_csrf%22%3Bi%3A1%3Bs%3A32%3A%224kI4tiou9moJXStmxfXyEONjdXXE1HY_%22%3B%7D; PHPSESSID=0s5n21mql999iflfupo2jdh6h7; _identity=7cbc1c554d648cfe9e1f44fc94ea169d10b21a5e895a87689dd5aecf484678a6a%3A2%3A%7Bi%3A0%3Bs%3A9%3A%22_identity%22%3Bi%3A1%3Bs%3A46%3A%22%5B1%2C%22V989gHprwtACh1t3KDzR9lJNUtMMC6nl%22%2C2592000%5D%22%3B%7D'
    'PATH' => 'C:\\ProgramData\\Oracle\\Java\\javapath;C:\\Program Files (x86)\\Intel\\iCLS Client\\;C:\\Program Files\\Intel\\iCLS Client\\;C:\\Windows\\system32;C:\\Windows;C:\\Windows\\System32\\Wbem;C:\\Windows\\System32\\WindowsPowerShell\\v1.0\\;C:\\Program Files\\Intel\\Intel(R) Management Engine Components\\DAL;C:\\Program Files\\Intel\\Intel(R) Management Engine Components\\IPT;C:\\Program Files (x86)\\Intel\\Intel(R) Management Engine Components\\DAL;C:\\Program Files (x86)\\Intel\\Intel(R) Management Engine Components\\IPT;C:\\xampp\\php;C:\\ProgramData\\ComposerSetup\\bin'
    'SystemRoot' => 'C:\\Windows'
    'COMSPEC' => 'C:\\Windows\\system32\\cmd.exe'
    'PATHEXT' => '.COM;.EXE;.BAT;.CMD;.VBS;.VBE;.JS;.JSE;.WSF;.WSH;.MSC'
    'WINDIR' => 'C:\\Windows'
    'SERVER_SIGNATURE' => '<address>Apache/2.4.4 (Win32) OpenSSL/0.9.8y PHP/5.4.16 Server at localhost Port 80</address>
'
    'SERVER_SOFTWARE' => 'Apache/2.4.4 (Win32) OpenSSL/0.9.8y PHP/5.4.16'
    'SERVER_NAME' => 'localhost'
    'SERVER_ADDR' => '::1'
    'SERVER_PORT' => '80'
    'REMOTE_ADDR' => '::1'
    'DOCUMENT_ROOT' => 'C:/xampp/htdocs'
    'REQUEST_SCHEME' => 'http'
    'CONTEXT_PREFIX' => ''
    'CONTEXT_DOCUMENT_ROOT' => 'C:/xampp/htdocs'
    'SERVER_ADMIN' => 'postmaster@localhost'
    'SCRIPT_FILENAME' => 'C:/xampp/htdocs/SM Scholarship Foundation/frontend/web/index.php'
    'REMOTE_PORT' => '52487'
    'GATEWAY_INTERFACE' => 'CGI/1.1'
    'SERVER_PROTOCOL' => 'HTTP/1.1'
    'REQUEST_METHOD' => 'POST'
    'QUERY_STRING' => 'r=site%2Flogout'
    'REQUEST_URI' => '/SM%20Scholarship%20Foundation/frontend/web/index.php?r=site%2Flogout'
    'SCRIPT_NAME' => '/SM Scholarship Foundation/frontend/web/index.php'
    'PHP_SELF' => '/SM Scholarship Foundation/frontend/web/index.php'
    'REQUEST_TIME_FLOAT' => 1436098136.501
    'REQUEST_TIME' => 1436098136
]
2015-07-05 14:09:00 [::1][1][-][error][yii\web\HttpException:403] exception 'yii\web\ForbiddenHttpException' with message 'You are not allowed to perform this action.' in C:\xampp\htdocs\SM Scholarship Foundation\vendor\yiisoft\yii2\filters\AccessControl.php:151
Stack trace:
#0 C:\xampp\htdocs\SM Scholarship Foundation\vendor\yiisoft\yii2\filters\AccessControl.php(134): yii\filters\AccessControl->denyAccess(Object(yii\web\User))
#1 C:\xampp\htdocs\SM Scholarship Foundation\vendor\yiisoft\yii2\base\ActionFilter.php(71): yii\filters\AccessControl->beforeAction(Object(yii\base\InlineAction))
#2 [internal function]: yii\base\ActionFilter->beforeFilter(Object(yii\base\ActionEvent))
#3 C:\xampp\htdocs\SM Scholarship Foundation\vendor\yiisoft\yii2\base\Component.php(541): call_user_func(Array, Object(yii\base\ActionEvent))
#4 C:\xampp\htdocs\SM Scholarship Foundation\vendor\yiisoft\yii2\base\Controller.php(263): yii\base\Component->trigger('beforeAction', Object(yii\base\ActionEvent))
#5 C:\xampp\htdocs\SM Scholarship Foundation\vendor\yiisoft\yii2\web\Controller.php(108): yii\base\Controller->beforeAction(Object(yii\base\InlineAction))
#6 C:\xampp\htdocs\SM Scholarship Foundation\vendor\yiisoft\yii2\base\Controller.php(149): yii\web\Controller->beforeAction(Object(yii\base\InlineAction))
#7 C:\xampp\htdocs\SM Scholarship Foundation\vendor\yiisoft\yii2\base\Module.php(455): yii\base\Controller->runAction('logout', Array)
#8 C:\xampp\htdocs\SM Scholarship Foundation\vendor\yiisoft\yii2\web\Application.php(84): yii\base\Module->runAction('site/logout', Array)
#9 C:\xampp\htdocs\SM Scholarship Foundation\vendor\yiisoft\yii2\base\Application.php(375): yii\web\Application->handleRequest(Object(yii\web\Request))
#10 C:\xampp\htdocs\SM Scholarship Foundation\frontend\web\index.php(18): yii\base\Application->run()
#11 {main}
2015-07-05 14:08:59 [::1][1][-][info][application] $_GET = [
    'r' => 'site/logout'
]

$_POST = [
    '_csrf' => 'eC5nWkNoclhMRS5uNwEdLUFDCBAbOwY1AEg/IwYnPDIcdj8fciArBw=='
]

$_COOKIE = [
    '_csrf' => '019642633d451154963a1f19213b96a374a4ddb75670b8f449b69df517b55cb9a:2:{i:0;s:5:\"_csrf\";i:1;s:32:\"4kI4tiou9moJXStmxfXyEONjdXXE1HY_\";}'
    'PHPSESSID' => '0s5n21mql999iflfupo2jdh6h7'
    '_identity' => '7cbc1c554d648cfe9e1f44fc94ea169d10b21a5e895a87689dd5aecf484678a6a:2:{i:0;s:9:\"_identity\";i:1;s:46:\"[1,\"V989gHprwtACh1t3KDzR9lJNUtMMC6nl\",2592000]\";}'
]

$_SESSION = [
    '__flash' => []
    '__returnUrl' => '/SM%20Scholarship%20Foundation/frontend/web/index.php?r=site%2Findex'
    '__id' => 1
]

$_SERVER = [
    'MIBDIRS' => 'C:/xampp/php/extras/mibs'
    'MYSQL_HOME' => '\\xampp\\mysql\\bin'
    'OPENSSL_CONF' => 'C:/xampp/apache/bin/openssl.cnf'
    'PHP_PEAR_SYSCONF_DIR' => '\\xampp\\php'
    'PHPRC' => '\\xampp\\php'
    'TMP' => '\\xampp\\tmp'
    'HTTP_HOST' => 'localhost'
    'HTTP_CONNECTION' => 'keep-alive'
    'CONTENT_LENGTH' => '68'
    'HTTP_CACHE_CONTROL' => 'max-age=0'
    'HTTP_ACCEPT' => 'text/html,application/xhtml+xml,application/xml;q=0.9,image/webp,*/*;q=0.8'
    'HTTP_ORIGIN' => 'http://localhost'
    'HTTP_USER_AGENT' => 'Mozilla/5.0 (Windows NT 6.1; WOW64) AppleWebKit/537.36 (KHTML, like Gecko) Chrome/43.0.2357.130 Safari/537.36'
    'CONTENT_TYPE' => 'application/x-www-form-urlencoded'
    'HTTP_REFERER' => 'http://localhost/SM%20Scholarship%20Foundation/frontend/web/index.php?r=site%2Flogout'
    'HTTP_ACCEPT_ENCODING' => 'gzip, deflate'
    'HTTP_ACCEPT_LANGUAGE' => 'en-US,en;q=0.8'
    'HTTP_COOKIE' => '_csrf=019642633d451154963a1f19213b96a374a4ddb75670b8f449b69df517b55cb9a%3A2%3A%7Bi%3A0%3Bs%3A5%3A%22_csrf%22%3Bi%3A1%3Bs%3A32%3A%224kI4tiou9moJXStmxfXyEONjdXXE1HY_%22%3B%7D; PHPSESSID=0s5n21mql999iflfupo2jdh6h7; _identity=7cbc1c554d648cfe9e1f44fc94ea169d10b21a5e895a87689dd5aecf484678a6a%3A2%3A%7Bi%3A0%3Bs%3A9%3A%22_identity%22%3Bi%3A1%3Bs%3A46%3A%22%5B1%2C%22V989gHprwtACh1t3KDzR9lJNUtMMC6nl%22%2C2592000%5D%22%3B%7D'
    'PATH' => 'C:\\ProgramData\\Oracle\\Java\\javapath;C:\\Program Files (x86)\\Intel\\iCLS Client\\;C:\\Program Files\\Intel\\iCLS Client\\;C:\\Windows\\system32;C:\\Windows;C:\\Windows\\System32\\Wbem;C:\\Windows\\System32\\WindowsPowerShell\\v1.0\\;C:\\Program Files\\Intel\\Intel(R) Management Engine Components\\DAL;C:\\Program Files\\Intel\\Intel(R) Management Engine Components\\IPT;C:\\Program Files (x86)\\Intel\\Intel(R) Management Engine Components\\DAL;C:\\Program Files (x86)\\Intel\\Intel(R) Management Engine Components\\IPT;C:\\xampp\\php;C:\\ProgramData\\ComposerSetup\\bin'
    'SystemRoot' => 'C:\\Windows'
    'COMSPEC' => 'C:\\Windows\\system32\\cmd.exe'
    'PATHEXT' => '.COM;.EXE;.BAT;.CMD;.VBS;.VBE;.JS;.JSE;.WSF;.WSH;.MSC'
    'WINDIR' => 'C:\\Windows'
    'SERVER_SIGNATURE' => '<address>Apache/2.4.4 (Win32) OpenSSL/0.9.8y PHP/5.4.16 Server at localhost Port 80</address>
'
    'SERVER_SOFTWARE' => 'Apache/2.4.4 (Win32) OpenSSL/0.9.8y PHP/5.4.16'
    'SERVER_NAME' => 'localhost'
    'SERVER_ADDR' => '::1'
    'SERVER_PORT' => '80'
    'REMOTE_ADDR' => '::1'
    'DOCUMENT_ROOT' => 'C:/xampp/htdocs'
    'REQUEST_SCHEME' => 'http'
    'CONTEXT_PREFIX' => ''
    'CONTEXT_DOCUMENT_ROOT' => 'C:/xampp/htdocs'
    'SERVER_ADMIN' => 'postmaster@localhost'
    'SCRIPT_FILENAME' => 'C:/xampp/htdocs/SM Scholarship Foundation/frontend/web/index.php'
    'REMOTE_PORT' => '52487'
    'GATEWAY_INTERFACE' => 'CGI/1.1'
    'SERVER_PROTOCOL' => 'HTTP/1.1'
    'REQUEST_METHOD' => 'POST'
    'QUERY_STRING' => 'r=site%2Flogout'
    'REQUEST_URI' => '/SM%20Scholarship%20Foundation/frontend/web/index.php?r=site%2Flogout'
    'SCRIPT_NAME' => '/SM Scholarship Foundation/frontend/web/index.php'
    'PHP_SELF' => '/SM Scholarship Foundation/frontend/web/index.php'
    'REQUEST_TIME_FLOAT' => 1436098139.237
    'REQUEST_TIME' => 1436098139
]
2015-07-11 07:21:18 [::1][6][-][error][yii\web\HttpException:403] exception 'yii\web\ForbiddenHttpException' with message 'You are not allowed to perform this action.' in C:\xampp\htdocs\SM Scholarship Foundation\vendor\yiisoft\yii2\filters\AccessControl.php:151
Stack trace:
#0 C:\xampp\htdocs\SM Scholarship Foundation\vendor\yiisoft\yii2\filters\AccessControl.php(134): yii\filters\AccessControl->denyAccess(Object(yii\web\User))
#1 C:\xampp\htdocs\SM Scholarship Foundation\vendor\yiisoft\yii2\base\ActionFilter.php(71): yii\filters\AccessControl->beforeAction(Object(yii\base\InlineAction))
#2 [internal function]: yii\base\ActionFilter->beforeFilter(Object(yii\base\ActionEvent))
#3 C:\xampp\htdocs\SM Scholarship Foundation\vendor\yiisoft\yii2\base\Component.php(541): call_user_func(Array, Object(yii\base\ActionEvent))
#4 C:\xampp\htdocs\SM Scholarship Foundation\vendor\yiisoft\yii2\base\Controller.php(263): yii\base\Component->trigger('beforeAction', Object(yii\base\ActionEvent))
#5 C:\xampp\htdocs\SM Scholarship Foundation\vendor\yiisoft\yii2\web\Controller.php(108): yii\base\Controller->beforeAction(Object(yii\base\InlineAction))
#6 C:\xampp\htdocs\SM Scholarship Foundation\vendor\yiisoft\yii2\base\Controller.php(149): yii\web\Controller->beforeAction(Object(yii\base\InlineAction))
#7 C:\xampp\htdocs\SM Scholarship Foundation\vendor\yiisoft\yii2\base\Module.php(455): yii\base\Controller->runAction('contact', Array)
#8 C:\xampp\htdocs\SM Scholarship Foundation\vendor\yiisoft\yii2\web\Application.php(84): yii\base\Module->runAction('site/contact', Array)
#9 C:\xampp\htdocs\SM Scholarship Foundation\vendor\yiisoft\yii2\base\Application.php(375): yii\web\Application->handleRequest(Object(yii\web\Request))
#10 C:\xampp\htdocs\SM Scholarship Foundation\frontend\web\index.php(18): yii\base\Application->run()
#11 {main}
2015-07-11 07:21:18 [::1][6][-][info][application] $_GET = [
    'r' => 'site/contact'
]

$_COOKIE = [
    '_csrf' => 'e0b29c35feb19db1f23bf94f092dcb3af68266324ccb75810a87e85b850990dea:2:{i:0;s:5:\"_csrf\";i:1;s:32:\"jHuup_f5jVPF8gupOOOtIWPImvO-Fkd9\";}'
    'PHPSESSID' => 'hv0nm0as44q2d6566o8dfpund7'
]

$_SESSION = [
    '__flash' => []
    '__returnUrl' => '/SM%20Scholarship%20Foundation/frontend/web/index.php?r=site%2Fcontact'
    '__id' => 6
]

$_SERVER = [
    'MIBDIRS' => 'C:/xampp/php/extras/mibs'
    'MYSQL_HOME' => '\\xampp\\mysql\\bin'
    'OPENSSL_CONF' => 'C:/xampp/apache/bin/openssl.cnf'
    'PHP_PEAR_SYSCONF_DIR' => '\\xampp\\php'
    'PHPRC' => '\\xampp\\php'
    'TMP' => '\\xampp\\tmp'
    'HTTP_HOST' => 'localhost'
    'HTTP_CONNECTION' => 'keep-alive'
    'HTTP_ACCEPT' => 'text/html,application/xhtml+xml,application/xml;q=0.9,image/webp,*/*;q=0.8'
    'HTTP_USER_AGENT' => 'Mozilla/5.0 (Windows NT 6.1; WOW64) AppleWebKit/537.36 (KHTML, like Gecko) Chrome/43.0.2357.130 Safari/537.36'
    'HTTP_REFERER' => 'http://localhost/SM%20Scholarship%20Foundation/frontend/web/index.php'
    'HTTP_ACCEPT_ENCODING' => 'gzip, deflate, sdch'
    'HTTP_ACCEPT_LANGUAGE' => 'en-US,en;q=0.8'
    'HTTP_COOKIE' => '_csrf=e0b29c35feb19db1f23bf94f092dcb3af68266324ccb75810a87e85b850990dea%3A2%3A%7Bi%3A0%3Bs%3A5%3A%22_csrf%22%3Bi%3A1%3Bs%3A32%3A%22jHuup_f5jVPF8gupOOOtIWPImvO-Fkd9%22%3B%7D; PHPSESSID=hv0nm0as44q2d6566o8dfpund7'
    'PATH' => 'C:\\ProgramData\\Oracle\\Java\\javapath;C:\\Program Files (x86)\\Intel\\iCLS Client\\;C:\\Program Files\\Intel\\iCLS Client\\;C:\\Windows\\system32;C:\\Windows;C:\\Windows\\System32\\Wbem;C:\\Windows\\System32\\WindowsPowerShell\\v1.0\\;C:\\Program Files (x86)\\Intel\\OpenCL SDK\\2.0\\bin\\x86;C:\\Program Files (x86)\\Intel\\OpenCL SDK\\2.0\\bin\\x64;C:\\Program Files\\Intel\\Intel(R) Management Engine Components\\DAL;C:\\Program Files\\Intel\\Intel(R) Management Engine Components\\IPT;C:\\Program Files (x86)\\Intel\\Intel(R) Management Engine Components\\DAL;C:\\Program Files (x86)\\Intel\\Intel(R) Management Engine Components\\IPT;C:\\Program Files\\SAS\\SharedFiles(32)\\Formats;C:\\Program Files (x86)\\Microsoft SQL Server\\100\\Tools\\Binn\\;C:\\Program Files\\Microsoft SQL Server\\100\\Tools\\Binn\\;C:\\Program Files\\Microsoft SQL Server\\100\\DTS\\Binn\\;C:\\Program Files (x86)\\Windows Kits\\8.1\\Windows Performance Toolkit\\;C:\\Program Files\\Microsoft SQL Server\\110\\Tools\\Binn\\;C:\\Program Files (x86)\\Microsoft SDKs\\TypeScript\\1.0\\;C:\\Program Files\\TortoiseGit\\bin;C:\\Program Files (x86)\\Rational\\common'
    'SystemRoot' => 'C:\\Windows'
    'COMSPEC' => 'C:\\Windows\\system32\\cmd.exe'
    'PATHEXT' => '.COM;.EXE;.BAT;.CMD;.VBS;.VBE;.JS;.JSE;.WSF;.WSH;.MSC'
    'WINDIR' => 'C:\\Windows'
    'SERVER_SIGNATURE' => '<address>Apache/2.4.12 (Win32) OpenSSL/1.0.1l PHP/5.6.8 Server at localhost Port 80</address>
'
    'SERVER_SOFTWARE' => 'Apache/2.4.12 (Win32) OpenSSL/1.0.1l PHP/5.6.8'
    'SERVER_NAME' => 'localhost'
    'SERVER_ADDR' => '::1'
    'SERVER_PORT' => '80'
    'REMOTE_ADDR' => '::1'
    'DOCUMENT_ROOT' => 'C:/xampp/htdocs'
    'REQUEST_SCHEME' => 'http'
    'CONTEXT_PREFIX' => ''
    'CONTEXT_DOCUMENT_ROOT' => 'C:/xampp/htdocs'
    'SERVER_ADMIN' => 'postmaster@localhost'
    'SCRIPT_FILENAME' => 'C:/xampp/htdocs/SM Scholarship Foundation/frontend/web/index.php'
    'REMOTE_PORT' => '3643'
    'GATEWAY_INTERFACE' => 'CGI/1.1'
    'SERVER_PROTOCOL' => 'HTTP/1.1'
    'REQUEST_METHOD' => 'GET'
    'QUERY_STRING' => 'r=site%2Fcontact'
    'REQUEST_URI' => '/SM%20Scholarship%20Foundation/frontend/web/index.php?r=site%2Fcontact'
    'SCRIPT_NAME' => '/SM Scholarship Foundation/frontend/web/index.php'
    'PHP_SELF' => '/SM Scholarship Foundation/frontend/web/index.php'
    'REQUEST_TIME_FLOAT' => 1436592078.676
    'REQUEST_TIME' => 1436592078
]
2015-07-11 07:22:56 [::1][6][-][error][yii\web\HttpException:403] exception 'yii\web\ForbiddenHttpException' with message 'You are not allowed to perform this action.' in C:\xampp\htdocs\SM Scholarship Foundation\vendor\yiisoft\yii2\filters\AccessControl.php:151
Stack trace:
#0 C:\xampp\htdocs\SM Scholarship Foundation\vendor\yiisoft\yii2\filters\AccessControl.php(134): yii\filters\AccessControl->denyAccess(Object(yii\web\User))
#1 C:\xampp\htdocs\SM Scholarship Foundation\vendor\yiisoft\yii2\base\ActionFilter.php(71): yii\filters\AccessControl->beforeAction(Object(yii\base\InlineAction))
#2 [internal function]: yii\base\ActionFilter->beforeFilter(Object(yii\base\ActionEvent))
#3 C:\xampp\htdocs\SM Scholarship Foundation\vendor\yiisoft\yii2\base\Component.php(541): call_user_func(Array, Object(yii\base\ActionEvent))
#4 C:\xampp\htdocs\SM Scholarship Foundation\vendor\yiisoft\yii2\base\Controller.php(263): yii\base\Component->trigger('beforeAction', Object(yii\base\ActionEvent))
#5 C:\xampp\htdocs\SM Scholarship Foundation\vendor\yiisoft\yii2\web\Controller.php(108): yii\base\Controller->beforeAction(Object(yii\base\InlineAction))
#6 C:\xampp\htdocs\SM Scholarship Foundation\vendor\yiisoft\yii2\base\Controller.php(149): yii\web\Controller->beforeAction(Object(yii\base\InlineAction))
#7 C:\xampp\htdocs\SM Scholarship Foundation\vendor\yiisoft\yii2\base\Module.php(455): yii\base\Controller->runAction('contact', Array)
#8 C:\xampp\htdocs\SM Scholarship Foundation\vendor\yiisoft\yii2\web\Application.php(84): yii\base\Module->runAction('site/contact', Array)
#9 C:\xampp\htdocs\SM Scholarship Foundation\vendor\yiisoft\yii2\base\Application.php(375): yii\web\Application->handleRequest(Object(yii\web\Request))
#10 C:\xampp\htdocs\SM Scholarship Foundation\frontend\web\index.php(18): yii\base\Application->run()
#11 {main}
2015-07-11 07:22:56 [::1][6][-][info][application] $_GET = [
    'r' => 'site/contact'
]

$_COOKIE = [
    '_csrf' => 'e0b29c35feb19db1f23bf94f092dcb3af68266324ccb75810a87e85b850990dea:2:{i:0;s:5:\"_csrf\";i:1;s:32:\"jHuup_f5jVPF8gupOOOtIWPImvO-Fkd9\";}'
    'PHPSESSID' => 'hv0nm0as44q2d6566o8dfpund7'
]

$_SESSION = [
    '__flash' => []
    '__returnUrl' => '/SM%20Scholarship%20Foundation/frontend/web/index.php?r=site%2Fcontact'
    '__id' => 6
]

$_SERVER = [
    'MIBDIRS' => 'C:/xampp/php/extras/mibs'
    'MYSQL_HOME' => '\\xampp\\mysql\\bin'
    'OPENSSL_CONF' => 'C:/xampp/apache/bin/openssl.cnf'
    'PHP_PEAR_SYSCONF_DIR' => '\\xampp\\php'
    'PHPRC' => '\\xampp\\php'
    'TMP' => '\\xampp\\tmp'
    'HTTP_HOST' => 'localhost'
    'HTTP_CONNECTION' => 'keep-alive'
    'HTTP_ACCEPT' => 'text/html,application/xhtml+xml,application/xml;q=0.9,image/webp,*/*;q=0.8'
    'HTTP_USER_AGENT' => 'Mozilla/5.0 (Windows NT 6.1; WOW64) AppleWebKit/537.36 (KHTML, like Gecko) Chrome/43.0.2357.130 Safari/537.36'
    'HTTP_REFERER' => 'http://localhost/SM%20Scholarship%20Foundation/frontend/web/index.php?r=site%2Fcontact'
    'HTTP_ACCEPT_ENCODING' => 'gzip, deflate, sdch'
    'HTTP_ACCEPT_LANGUAGE' => 'en-US,en;q=0.8'
    'HTTP_COOKIE' => '_csrf=e0b29c35feb19db1f23bf94f092dcb3af68266324ccb75810a87e85b850990dea%3A2%3A%7Bi%3A0%3Bs%3A5%3A%22_csrf%22%3Bi%3A1%3Bs%3A32%3A%22jHuup_f5jVPF8gupOOOtIWPImvO-Fkd9%22%3B%7D; PHPSESSID=hv0nm0as44q2d6566o8dfpund7'
    'PATH' => 'C:\\ProgramData\\Oracle\\Java\\javapath;C:\\Program Files (x86)\\Intel\\iCLS Client\\;C:\\Program Files\\Intel\\iCLS Client\\;C:\\Windows\\system32;C:\\Windows;C:\\Windows\\System32\\Wbem;C:\\Windows\\System32\\WindowsPowerShell\\v1.0\\;C:\\Program Files (x86)\\Intel\\OpenCL SDK\\2.0\\bin\\x86;C:\\Program Files (x86)\\Intel\\OpenCL SDK\\2.0\\bin\\x64;C:\\Program Files\\Intel\\Intel(R) Management Engine Components\\DAL;C:\\Program Files\\Intel\\Intel(R) Management Engine Components\\IPT;C:\\Program Files (x86)\\Intel\\Intel(R) Management Engine Components\\DAL;C:\\Program Files (x86)\\Intel\\Intel(R) Management Engine Components\\IPT;C:\\Program Files\\SAS\\SharedFiles(32)\\Formats;C:\\Program Files (x86)\\Microsoft SQL Server\\100\\Tools\\Binn\\;C:\\Program Files\\Microsoft SQL Server\\100\\Tools\\Binn\\;C:\\Program Files\\Microsoft SQL Server\\100\\DTS\\Binn\\;C:\\Program Files (x86)\\Windows Kits\\8.1\\Windows Performance Toolkit\\;C:\\Program Files\\Microsoft SQL Server\\110\\Tools\\Binn\\;C:\\Program Files (x86)\\Microsoft SDKs\\TypeScript\\1.0\\;C:\\Program Files\\TortoiseGit\\bin;C:\\Program Files (x86)\\Rational\\common'
    'SystemRoot' => 'C:\\Windows'
    'COMSPEC' => 'C:\\Windows\\system32\\cmd.exe'
    'PATHEXT' => '.COM;.EXE;.BAT;.CMD;.VBS;.VBE;.JS;.JSE;.WSF;.WSH;.MSC'
    'WINDIR' => 'C:\\Windows'
    'SERVER_SIGNATURE' => '<address>Apache/2.4.12 (Win32) OpenSSL/1.0.1l PHP/5.6.8 Server at localhost Port 80</address>
'
    'SERVER_SOFTWARE' => 'Apache/2.4.12 (Win32) OpenSSL/1.0.1l PHP/5.6.8'
    'SERVER_NAME' => 'localhost'
    'SERVER_ADDR' => '::1'
    'SERVER_PORT' => '80'
    'REMOTE_ADDR' => '::1'
    'DOCUMENT_ROOT' => 'C:/xampp/htdocs'
    'REQUEST_SCHEME' => 'http'
    'CONTEXT_PREFIX' => ''
    'CONTEXT_DOCUMENT_ROOT' => 'C:/xampp/htdocs'
    'SERVER_ADMIN' => 'postmaster@localhost'
    'SCRIPT_FILENAME' => 'C:/xampp/htdocs/SM Scholarship Foundation/frontend/web/index.php'
    'REMOTE_PORT' => '3742'
    'GATEWAY_INTERFACE' => 'CGI/1.1'
    'SERVER_PROTOCOL' => 'HTTP/1.1'
    'REQUEST_METHOD' => 'GET'
    'QUERY_STRING' => 'r=site%2Fcontact'
    'REQUEST_URI' => '/SM%20Scholarship%20Foundation/frontend/web/index.php?r=site%2Fcontact'
    'SCRIPT_NAME' => '/SM Scholarship Foundation/frontend/web/index.php'
    'PHP_SELF' => '/SM Scholarship Foundation/frontend/web/index.php'
    'REQUEST_TIME_FLOAT' => 1436592176.416
    'REQUEST_TIME' => 1436592176
]
